[INFO] Scanning for projects...
[INFO] 
[INFO] ---------------------< com.example:ticket-router >----------------------
[INFO] Building  0.0.1-SNAPSHOT
[INFO]   from pom.xml
[INFO] --------------------------------[ jar ]---------------------------------
[INFO] 
[INFO] >>> spring-boot:3.4.13:run (default-cli) > test-compile @ ticket-router >>>
[INFO] 
[INFO] --- resources:3.3.1:resources (default-resources) @ ticket-router ---
[INFO] Copying 1 resource from src/main/resources to target/classes
[INFO] Copying 2 resources from src/main/resources to target/classes
[INFO] 
[INFO] --- compiler:3.13.0:compile (default-compile) @ ticket-router ---
[INFO] Nothing to compile - all classes are up to date.
[INFO] 
[INFO] --- resources:3.3.1:testResources (default-testResources) @ ticket-router ---
[INFO] skip non existing resourceDirectory /Users/mansi.nataraj/Downloads/ticket-router/src/test/resources
[INFO] 
[INFO] --- compiler:3.13.0:testCompile (default-testCompile) @ ticket-router ---
[INFO] Nothing to compile - all classes are up to date.
[INFO] 
[INFO] <<< spring-boot:3.4.13:run (default-cli) < test-compile @ ticket-router <<<
[INFO] 
[INFO] 
[INFO] --- spring-boot:3.4.13:run (default-cli) @ ticket-router ---
[INFO] Attaching agents: []

  .   ____          _            __ _ _
 /\\ / ___'_ __ _ _(_)_ __  __ _ \ \ \ \
( ( )\___ | '_ | '_| | '_ \/ _` | \ \ \ \
 \\/  ___)| |_)| | | | | || (_| |  ) ) ) )
  '  |____| .__|_| |_|_| |_\__, | / / / /
 =========|_|==============|___/=/_/_/_/

 :: Spring Boot ::               (v3.4.13)

2026-07-14T11:07:54.933+05:30  INFO 70515 --- [ticket-router] [  restartedMain] c.e.t.TicketRouterApplication            : Starting TicketRouterApplication using Java 21.0.11 with PID 70515 (/Users/mansi.nataraj/Downloads/ticket-router/target/classes started by mansi.nataraj in /Users/mansi.nataraj/Downloads/ticket-router)
2026-07-14T11:07:54.934+05:30  INFO 70515 --- [ticket-router] [  restartedMain] c.e.t.TicketRouterApplication            : No active profile set, falling back to 1 default profile: "default"
2026-07-14T11:07:54.946+05:30  INFO 70515 --- [ticket-router] [  restartedMain] .e.DevToolsPropertyDefaultsPostProcessor : Devtools property defaults active! Set 'spring.devtools.add-properties' to 'false' to disable
2026-07-14T11:07:54.946+05:30  INFO 70515 --- [ticket-router] [  restartedMain] .e.DevToolsPropertyDefaultsPostProcessor : For additional web related logging consider setting the 'logging.level.web' property to 'DEBUG'
2026-07-14T11:07:55.162+05:30  INFO 70515 --- [ticket-router] [  restartedMain] .s.d.r.c.RepositoryConfigurationDelegate : Bootstrapping Spring Data JPA repositories in DEFAULT mode.
2026-07-14T11:07:55.208+05:30  INFO 70515 --- [ticket-router] [  restartedMain] .s.d.r.c.RepositoryConfigurationDelegate : Finished Spring Data repository scanning in 42 ms. Found 2 JPA repository interfaces.
2026-07-14T11:07:55.530+05:30  INFO 70515 --- [ticket-router] [  restartedMain] o.s.b.w.embedded.tomcat.TomcatWebServer  : Tomcat initialized with port 8080 (http)
2026-07-14T11:07:55.534+05:30  INFO 70515 --- [ticket-router] [  restartedMain] o.apache.catalina.core.StandardService   : Starting service [Tomcat]
2026-07-14T11:07:55.534+05:30  INFO 70515 --- [ticket-router] [  restartedMain] o.apache.catalina.core.StandardEngine    : Starting Servlet engine: [Apache Tomcat/10.1.50]
2026-07-14T11:07:55.546+05:30  INFO 70515 --- [ticket-router] [  restartedMain] o.a.c.c.C.[Tomcat].[localhost].[/]       : Initializing Spring embedded WebApplicationContext
2026-07-14T11:07:55.547+05:30  INFO 70515 --- [ticket-router] [  restartedMain] w.s.c.ServletWebServerApplicationContext : Root WebApplicationContext: initialization completed in 601 ms
2026-07-14T11:07:55.615+05:30  INFO 70515 --- [ticket-router] [  restartedMain] com.zaxxer.hikari.HikariDataSource       : HikariPool-1 - Starting...
2026-07-14T11:07:55.682+05:30  INFO 70515 --- [ticket-router] [  restartedMain] com.zaxxer.hikari.pool.HikariPool        : HikariPool-1 - Added connection conn0: url=jdbc:h2:mem:02868610-e19a-41e4-84b3-a600548a17ef user=SA
2026-07-14T11:07:55.683+05:30  INFO 70515 --- [ticket-router] [  restartedMain] com.zaxxer.hikari.HikariDataSource       : HikariPool-1 - Start completed.
2026-07-14T11:07:55.697+05:30  INFO 70515 --- [ticket-router] [  restartedMain] o.hibernate.jpa.internal.util.LogHelper  : HHH000204: Processing PersistenceUnitInfo [name: default]
2026-07-14T11:07:55.714+05:30  INFO 70515 --- [ticket-router] [  restartedMain] org.hibernate.Version                    : HHH000412: Hibernate ORM core version 6.6.39.Final
2026-07-14T11:07:55.724+05:30  INFO 70515 --- [ticket-router] [  restartedMain] o.h.c.internal.RegionFactoryInitiator    : HHH000026: Second-level cache disabled
2026-07-14T11:07:55.811+05:30  INFO 70515 --- [ticket-router] [  restartedMain] o.s.o.j.p.SpringPersistenceUnitInfo      : No LoadTimeWeaver setup: ignoring JPA class transformer
2026-07-14T11:07:55.836+05:30  INFO 70515 --- [ticket-router] [  restartedMain] org.hibernate.orm.connections.pooling    : HHH10001005: Database info:
	Database JDBC URL [Connecting through datasource 'HikariDataSource (HikariPool-1)']
	Database driver: undefined/unknown
	Database version: 2.3.232
	Autocommit mode: undefined/unknown
	Isolation level: undefined/unknown
	Minimum pool size: undefined/unknown
	Maximum pool size: undefined/unknown
2026-07-14T11:07:56.110+05:30  INFO 70515 --- [ticket-router] [  restartedMain] o.h.e.t.j.p.i.JtaPlatformInitiator       : HHH000489: No JTA platform available (set 'hibernate.transaction.jta.platform' to enable JTA platform integration)
2026-07-14T11:07:56.127+05:30  INFO 70515 --- [ticket-router] [  restartedMain] j.LocalContainerEntityManagerFactoryBean : Initialized JPA EntityManagerFactory for persistence unit 'default'
2026-07-14T11:07:56.376+05:30  WARN 70515 --- [ticket-router] [  restartedMain] JpaBaseConfiguration$JpaWebConfiguration : spring.jpa.open-in-view is enabled by default. Therefore, database queries may be performed during view rendering. Explicitly configure spring.jpa.open-in-view to disable this warning
2026-07-14T11:07:56.398+05:30  INFO 70515 --- [ticket-router] [  restartedMain] o.s.b.a.w.s.WelcomePageHandlerMapping    : Adding welcome page template: index
2026-07-14T11:07:56.660+05:30  INFO 70515 --- [ticket-router] [  restartedMain] o.s.b.a.h2.H2ConsoleAutoConfiguration    : H2 console available at '/h2-console'. Database available at 'jdbc:h2:mem:02868610-e19a-41e4-84b3-a600548a17ef'
2026-07-14T11:07:56.734+05:30  WARN 70515 --- [ticket-router] [  restartedMain] o.s.b.d.a.OptionalLiveReloadServer       : Unable to start LiveReload server
2026-07-14T11:07:56.752+05:30  INFO 70515 --- [ticket-router] [  restartedMain] o.s.b.w.embedded.tomcat.TomcatWebServer  : Tomcat started on port 8080 (http) with context path '/'
2026-07-14T11:07:56.757+05:30  INFO 70515 --- [ticket-router] [  restartedMain] c.e.t.TicketRouterApplication            : Started TicketRouterApplication in 1.921 seconds (process running for 2.047)
2026-07-14T11:07:56.803+05:30 ERROR 70515 --- [ticket-router] [  restartedMain] i.n.r.d.DnsServerAddressStreamProviders  : Unable to load io.netty.resolver.dns.macos.MacOSDnsServerAddressStreamProvider, fallback to system defaults. This may result in incorrect DNS resolutions on MacOS. Check whether you have a dependency on 'io.netty:netty-resolver-dns-native-macos'. Use DEBUG level to see the full stack: java.lang.UnsatisfiedLinkError: failed to load the required native library
2026-07-14T11:07:56.869+05:30  INFO 70515 --- [ticket-router] [  restartedMain] .s.b.a.l.ConditionEvaluationReportLogger : 

Error starting ApplicationContext. To display the condition evaluation report re-run your application with 'debug' enabled.
2026-07-14T11:07:56.874+05:30 ERROR 70515 --- [ticket-router] [  restartedMain] o.s.boot.SpringApplication               : Application run failed

org.springframework.web.reactive.function.client.WebClientResponseException$Conflict: 409 Conflict from PUT http://localhost:6333/collections/tickets
	at org.springframework.web.reactive.function.client.WebClientResponseException.create(WebClientResponseException.java:327) ~[spring-webflux-6.2.15.jar:6.2.15]
	Suppressed: The stacktrace has been enhanced by Reactor, refer to additional information below: 
Error has been observed at the following site(s):
	*__checkpoint ⇢ 409 CONFLICT from PUT http://localhost:6333/collections/tickets [DefaultWebClient]
Original Stack Trace:
		at org.springframework.web.reactive.function.client.WebClientResponseException.create(WebClientResponseException.java:327) ~[spring-webflux-6.2.15.jar:6.2.15]
		at org.springframework.web.reactive.function.client.DefaultClientResponse.lambda$createException$1(DefaultClientResponse.java:214) ~[spring-webflux-6.2.15.jar:6.2.15]
		at reactor.core.publisher.FluxMap$MapSubscriber.onNext(FluxMap.java:106) ~[reactor-core-3.7.14.jar:3.7.14]
		at reactor.core.publisher.FluxOnErrorReturn$ReturnSubscriber.onNext(FluxOnErrorReturn.java:162) ~[reactor-core-3.7.14.jar:3.7.14]
		at reactor.core.publisher.FluxDefaultIfEmpty$DefaultIfEmptySubscriber.onNext(FluxDefaultIfEmpty.java:122) ~[reactor-core-3.7.14.jar:3.7.14]
		at reactor.core.publisher.FluxMapFuseable$MapFuseableSubscriber.onNext(FluxMapFuseable.java:129) ~[reactor-core-3.7.14.jar:3.7.14]
		at reactor.core.publisher.FluxContextWrite$ContextWriteSubscriber.onNext(FluxContextWrite.java:107) ~[reactor-core-3.7.14.jar:3.7.14]
		at reactor.core.publisher.FluxMapFuseable$MapFuseableConditionalSubscriber.onNext(FluxMapFuseable.java:299) ~[reactor-core-3.7.14.jar:3.7.14]
		at reactor.core.publisher.FluxFilterFuseable$FilterFuseableConditionalSubscriber.onNext(FluxFilterFuseable.java:337) ~[reactor-core-3.7.14.jar:3.7.14]
		at reactor.core.publisher.Operators$BaseFluxToMonoOperator.completePossiblyEmpty(Operators.java:2096) ~[reactor-core-3.7.14.jar:3.7.14]
		at reactor.core.publisher.MonoCollect$CollectSubscriber.onComplete(MonoCollect.java:145) ~[reactor-core-3.7.14.jar:3.7.14]
		at reactor.core.publisher.FluxMap$MapSubscriber.onComplete(FluxMap.java:144) ~[reactor-core-3.7.14.jar:3.7.14]
		at reactor.core.publisher.FluxPeek$PeekSubscriber.onComplete(FluxPeek.java:260) ~[reactor-core-3.7.14.jar:3.7.14]
		at reactor.core.publisher.FluxMap$MapSubscriber.onComplete(FluxMap.java:144) ~[reactor-core-3.7.14.jar:3.7.14]
		at reactor.netty.channel.FluxReceive.onInboundComplete(FluxReceive.java:413) ~[reactor-netty-core-1.2.13.jar:1.2.13]
		at reactor.netty.channel.ChannelOperations.onInboundComplete(ChannelOperations.java:464) ~[reactor-netty-core-1.2.13.jar:1.2.13]
		at reactor.netty.channel.ChannelOperations.terminate(ChannelOperations.java:518) ~[reactor-netty-core-1.2.13.jar:1.2.13]
		at reactor.netty.http.client.HttpClientOperations.onInboundNext(HttpClientOperations.java:928) ~[reactor-netty-http-1.2.13.jar:1.2.13]
		at reactor.netty.channel.ChannelOperationsHandler.channelRead(ChannelOperationsHandler.java:115) ~[reactor-netty-core-1.2.13.jar:1.2.13]
		at io.netty.channel.AbstractChannelHandlerContext.invokeChannelRead(AbstractChannelHandlerContext.java:444) ~[netty-transport-4.1.130.Final.jar:4.1.130.Final]
		at io.netty.channel.AbstractChannelHandlerContext.invokeChannelRead(AbstractChannelHandlerContext.java:420) ~[netty-transport-4.1.130.Final.jar:4.1.130.Final]
		at io.netty.channel.AbstractChannelHandlerContext.fireChannelRead(AbstractChannelHandlerContext.java:412) ~[netty-transport-4.1.130.Final.jar:4.1.130.Final]
		at io.netty.handler.codec.http.HttpContentDecoder.decode(HttpContentDecoder.java:181) ~[netty-codec-http-4.1.130.Final.jar:4.1.130.Final]
		at io.netty.handler.codec.http.HttpContentDecoder.decode(HttpContentDecoder.java:48) ~[netty-codec-http-4.1.130.Final.jar:4.1.130.Final]
		at io.netty.handler.codec.MessageToMessageDecoder.channelRead(MessageToMessageDecoder.java:91) ~[netty-codec-4.1.130.Final.jar:4.1.130.Final]
		at io.netty.channel.AbstractChannelHandlerContext.invokeChannelRead(AbstractChannelHandlerContext.java:444) ~[netty-transport-4.1.130.Final.jar:4.1.130.Final]
		at io.netty.channel.AbstractChannelHandlerContext.invokeChannelRead(AbstractChannelHandlerContext.java:420) ~[netty-transport-4.1.130.Final.jar:4.1.130.Final]
		at io.netty.channel.AbstractChannelHandlerContext.fireChannelRead(AbstractChannelHandlerContext.java:412) ~[netty-transport-4.1.130.Final.jar:4.1.130.Final]
		at io.netty.channel.CombinedChannelDuplexHandler$DelegatingChannelHandlerContext.fireChannelRead(CombinedChannelDuplexHandler.java:436) ~[netty-transport-4.1.130.Final.jar:4.1.130.Final]
		at io.netty.handler.codec.ByteToMessageDecoder.fireChannelRead(ByteToMessageDecoder.java:361) ~[netty-codec-4.1.130.Final.jar:4.1.130.Final]
		at io.netty.handler.codec.ByteToMessageDecoder.channelRead(ByteToMessageDecoder.java:325) ~[netty-codec-4.1.130.Final.jar:4.1.130.Final]
		at io.netty.channel.CombinedChannelDuplexHandler.channelRead(CombinedChannelDuplexHandler.java:251) ~[netty-transport-4.1.130.Final.jar:4.1.130.Final]
		at io.netty.channel.AbstractChannelHandlerContext.invokeChannelRead(AbstractChannelHandlerContext.java:442) ~[netty-transport-4.1.130.Final.jar:4.1.130.Final]
		at io.netty.channel.AbstractChannelHandlerContext.invokeChannelRead(AbstractChannelHandlerContext.java:420) ~[netty-transport-4.1.130.Final.jar:4.1.130.Final]
		at io.netty.channel.AbstractChannelHandlerContext.fireChannelRead(AbstractChannelHandlerContext.java:412) ~[netty-transport-4.1.130.Final.jar:4.1.130.Final]
		at io.netty.channel.DefaultChannelPipeline$HeadContext.channelRead(DefaultChannelPipeline.java:1357) ~[netty-transport-4.1.130.Final.jar:4.1.130.Final]
		at io.netty.channel.AbstractChannelHandlerContext.invokeChannelRead(AbstractChannelHandlerContext.java:440) ~[netty-transport-4.1.130.Final.jar:4.1.130.Final]
		at io.netty.channel.AbstractChannelHandlerContext.invokeChannelRead(AbstractChannelHandlerContext.java:420) ~[netty-transport-4.1.130.Final.jar:4.1.130.Final]
		at io.netty.channel.DefaultChannelPipeline.fireChannelRead(DefaultChannelPipeline.java:868) ~[netty-transport-4.1.130.Final.jar:4.1.130.Final]
		at io.netty.channel.nio.AbstractNioByteChannel$NioByteUnsafe.read(AbstractNioByteChannel.java:166) ~[netty-transport-4.1.130.Final.jar:4.1.130.Final]
		at io.netty.channel.nio.NioEventLoop.processSelectedKey(NioEventLoop.java:796) ~[netty-transport-4.1.130.Final.jar:4.1.130.Final]
		at io.netty.channel.nio.NioEventLoop.processSelectedKeysOptimized(NioEventLoop.java:732) ~[netty-transport-4.1.130.Final.jar:4.1.130.Final]
		at io.netty.channel.nio.NioEventLoop.processSelectedKeys(NioEventLoop.java:658) ~[netty-transport-4.1.130.Final.jar:4.1.130.Final]
		at io.netty.channel.nio.NioEventLoop.run(NioEventLoop.java:562) ~[netty-transport-4.1.130.Final.jar:4.1.130.Final]
		at io.netty.util.concurrent.SingleThreadEventExecutor$4.run(SingleThreadEventExecutor.java:998) ~[netty-common-4.1.130.Final.jar:4.1.130.Final]
		at io.netty.util.internal.ThreadExecutorMap$2.run(ThreadExecutorMap.java:74) ~[netty-common-4.1.130.Final.jar:4.1.130.Final]
		at io.netty.util.concurrent.FastThreadLocalRunnable.run(FastThreadLocalRunnable.java:30) ~[netty-common-4.1.130.Final.jar:4.1.130.Final]
		at java.base/java.lang.Thread.run(Thread.java:1583) ~[na:na]
	Suppressed: java.lang.Exception: #block terminated with an error
		at reactor.core.publisher.BlockingSingleSubscriber.blockingGet(BlockingSingleSubscriber.java:104) ~[reactor-core-3.7.14.jar:3.7.14]
		at reactor.core.publisher.Mono.block(Mono.java:1779) ~[reactor-core-3.7.14.jar:3.7.14]
		at com.example.ticket_router.client.QdrantVectorClient.createCollection(QdrantVectorClient.java:47) ~[classes/:na]
		at com.example.ticket_router.QdrantTestRunner.run(QdrantTestRunner.java:23) ~[classes/:na]
		at org.springframework.boot.SpringApplication.lambda$callRunner$5(SpringApplication.java:788) ~[spring-boot-3.4.13.jar:3.4.13]
		at org.springframework.util.function.ThrowingConsumer$1.acceptWithException(ThrowingConsumer.java:82) ~[spring-core-6.2.15.jar:6.2.15]
		at org.springframework.util.function.ThrowingConsumer.accept(ThrowingConsumer.java:60) ~[spring-core-6.2.15.jar:6.2.15]
		at org.springframework.util.function.ThrowingConsumer$1.accept(ThrowingConsumer.java:86) ~[spring-core-6.2.15.jar:6.2.15]
		at org.springframework.boot.SpringApplication.callRunner(SpringApplication.java:796) ~[spring-boot-3.4.13.jar:3.4.13]
		at org.springframework.boot.SpringApplication.callRunner(SpringApplication.java:787) ~[spring-boot-3.4.13.jar:3.4.13]
		at org.springframework.boot.SpringApplication.lambda$callRunners$3(SpringApplication.java:772) ~[spring-boot-3.4.13.jar:3.4.13]
		at java.base/java.util.stream.ForEachOps$ForEachOp$OfRef.accept(ForEachOps.java:184) ~[na:na]
		at java.base/java.util.stream.SortedOps$SizedRefSortingSink.end(SortedOps.java:357) ~[na:na]
		at java.base/java.util.stream.AbstractPipeline.copyInto(AbstractPipeline.java:510) ~[na:na]
		at java.base/java.util.stream.AbstractPipeline.wrapAndCopyInto(AbstractPipeline.java:499) ~[na:na]
		at java.base/java.util.stream.ForEachOps$ForEachOp.evaluateSequential(ForEachOps.java:151) ~[na:na]
		at java.base/java.util.stream.ForEachOps$ForEachOp$OfRef.evaluateSequential(ForEachOps.java:174) ~[na:na]
		at java.base/java.util.stream.AbstractPipeline.evaluate(AbstractPipeline.java:234) ~[na:na]
		at java.base/java.util.stream.ReferencePipeline.forEach(ReferencePipeline.java:596) ~[na:na]
		at org.springframework.boot.SpringApplication.callRunners(SpringApplication.java:772) ~[spring-boot-3.4.13.jar:3.4.13]
		at org.springframework.boot.SpringApplication.run(SpringApplication.java:325) ~[spring-boot-3.4.13.jar:3.4.13]
		at org.springframework.boot.SpringApplication.run(SpringApplication.java:1361) ~[spring-boot-3.4.13.jar:3.4.13]
		at org.springframework.boot.SpringApplication.run(SpringApplication.java:1350) ~[spring-boot-3.4.13.jar:3.4.13]
		at com.example.ticket_router.TicketRouterApplication.main(TicketRouterApplication.java:19) ~[classes/:na]
		at java.base/jdk.internal.reflect.DirectMethodHandleAccessor.invoke(DirectMethodHandleAccessor.java:103) ~[na:na]
		at java.base/java.lang.reflect.Method.invoke(Method.java:580) ~[na:na]
		at org.springframework.boot.devtools.restart.RestartLauncher.run(RestartLauncher.java:50) ~[spring-boot-devtools-3.4.13.jar:3.4.13]

2026-07-14T11:07:56.877+05:30  INFO 70515 --- [ticket-router] [  restartedMain] o.s.b.w.e.tomcat.GracefulShutdown        : Commencing graceful shutdown. Waiting for active requests to complete
2026-07-14T11:07:56.882+05:30  INFO 70515 --- [ticket-router] [tomcat-shutdown] o.s.b.w.e.tomcat.GracefulShutdown        : Graceful shutdown complete
2026-07-14T11:07:56.894+05:30  INFO 70515 --- [ticket-router] [  restartedMain] j.LocalContainerEntityManagerFactoryBean : Closing JPA EntityManagerFactory for persistence unit 'default'
2026-07-14T11:07:56.899+05:30  WARN 70515 --- [ticket-router] [  restartedMain] o.s.b.f.support.DisposableBeanAdapter    : Invocation of destroy method failed on bean with name 'inMemoryDatabaseShutdownExecutor': org.h2.jdbc.JdbcSQLNonTransientConnectionException: Database is already closed (to disable automatic closing at VM shutdown, add ";DB_CLOSE_ON_EXIT=FALSE" to the db URL) [90121-232]
2026-07-14T11:07:56.899+05:30  INFO 70515 --- [ticket-router] [  restartedMain] com.zaxxer.hikari.HikariDataSource       : HikariPool-1 - Shutdown initiated...
2026-07-14T11:07:56.900+05:30  INFO 70515 --- [ticket-router] [  restartedMain] com.zaxxer.hikari.HikariDataSource       : HikariPool-1 - Shutdown completed.
[INFO] ------------------------------------------------------------------------
[INFO] BUILD FAILURE
[INFO] ------------------------------------------------------------------------
[INFO] Total time:  3.832 s
[INFO] Finished at: 2026-07-14T11:07:57+05:30
[INFO] ------------------------------------------------------------------------
[ERROR] Failed to execute goal org.springframework.boot:spring-boot-maven-plugin:3.4.13:run (default-cli) on project ticket-router: Process terminated with exit code: 1 -> [Help 1]
[ERROR] 
[ERROR] To see the full stack trace of the errors, re-run Maven with the -e switch.
[ERROR] Re-run Maven using the -X switch to enable full debug logging.
[ERROR] 
[ERROR] For more information about the errors and possible solutions, please read the following articles:
[ERROR] [Help 1] http://cwiki.apache.org/confluence/display/MAVEN/MojoExecutionException
