2026-07-14 16:39:08
                [restartedMain]
                INFO 
                c.e.t.TicketRouterApplication
                -
                Starting TicketRouterApplication using Java 21.0.11 with PID 91094 (/Users/mansi.nataraj/Downloads/ticket-router/target/classes started by mansi.nataraj in /Users/mansi.nataraj/Downloads/ticket-router)
2026-07-14 16:39:08
                [restartedMain]
                INFO 
                c.e.t.TicketRouterApplication
                -
                No active profile set, falling back to 1 default profile: "default"
2026-07-14 16:39:08
                [restartedMain]
                INFO 
                o.s.d.r.c.RepositoryConfigurationDelegate
                -
                Bootstrapping Spring Data JPA repositories in DEFAULT mode.
2026-07-14 16:39:08
                [restartedMain]
                INFO 
                o.s.d.r.c.RepositoryConfigurationDelegate
                -
                Finished Spring Data repository scanning in 3 ms. Found 2 JPA repository interfaces.
2026-07-14 16:39:08
                [restartedMain]
                INFO 
                o.s.b.w.e.tomcat.TomcatWebServer
                -
                Tomcat initialized with port 8080 (http)
2026-07-14 16:39:08
                [restartedMain]
                INFO 
                o.a.catalina.core.StandardService
                -
                Starting service [Tomcat]
2026-07-14 16:39:08
                [restartedMain]
                INFO 
                o.a.catalina.core.StandardEngine
                -
                Starting Servlet engine: [Apache Tomcat/10.1.50]
2026-07-14 16:39:08
                [restartedMain]
                INFO 
                o.a.c.c.C.[Tomcat].[localhost].[/]
                -
                Initializing Spring embedded WebApplicationContext
2026-07-14 16:39:08
                [restartedMain]
                INFO 
                o.s.b.w.s.c.ServletWebServerApplicationContext
                -
                Root WebApplicationContext: initialization completed in 144 ms
2026-07-14 16:39:08
                [restartedMain]
                INFO 
                o.h.jpa.internal.util.LogHelper
                -
                HHH000204: Processing PersistenceUnitInfo [name: default]
2026-07-14 16:39:08
                [restartedMain]
                INFO 
                o.h.c.i.RegionFactoryInitiator
                -
                HHH000026: Second-level cache disabled
2026-07-14 16:39:08
                [restartedMain]
                INFO 
                o.s.o.j.p.SpringPersistenceUnitInfo
                -
                No LoadTimeWeaver setup: ignoring JPA class transformer
2026-07-14 16:39:08
                [restartedMain]
                INFO 
                com.zaxxer.hikari.HikariDataSource
                -
                HikariPool-3 - Starting...
2026-07-14 16:39:08
                [restartedMain]
                INFO 
                com.zaxxer.hikari.pool.HikariPool
                -
                HikariPool-3 - Added connection conn30: url=jdbc:h2:mem:ticketdb user=SA
2026-07-14 16:39:08
                [restartedMain]
                INFO 
                com.zaxxer.hikari.HikariDataSource
                -
                HikariPool-3 - Start completed.
2026-07-14 16:39:08
                [restartedMain]
                INFO 
                o.hibernate.orm.connections.pooling
                -
                HHH10001005: Database info:
	Database JDBC URL [Connecting through datasource 'HikariDataSource (HikariPool-3)']
	Database driver: undefined/unknown
	Database version: 2.3.232
	Autocommit mode: undefined/unknown
	Isolation level: undefined/unknown
	Minimum pool size: undefined/unknown
	Maximum pool size: undefined/unknown
2026-07-14 16:39:08
                [restartedMain]
                INFO 
                o.h.e.t.j.p.i.JtaPlatformInitiator
                -
                HHH000489: No JTA platform available (set 'hibernate.transaction.jta.platform' to enable JTA platform integration)
2026-07-14 16:39:08
                [restartedMain]
                INFO 
                o.s.o.j.LocalContainerEntityManagerFactoryBean
                -
                Initialized JPA EntityManagerFactory for persistence unit 'default'
2026-07-14 16:39:08
                [restartedMain]
                WARN 
                o.s.b.a.o.j.JpaBaseConfiguration$JpaWebConfiguration
                -
                spring.jpa.open-in-view is enabled by default. Therefore, database queries may be performed during view rendering. Explicitly configure spring.jpa.open-in-view to disable this warning
2026-07-14 16:39:08
                [restartedMain]
                INFO 
                o.s.b.a.w.s.WelcomePageHandlerMapping
                -
                Adding welcome page template: index
2026-07-14 16:39:08
                [restartedMain]
                INFO 
                o.s.b.a.h.H2ConsoleAutoConfiguration
                -
                H2 console available at '/h2-console'. Database available at 'jdbc:h2:mem:ticketdb'
2026-07-14 16:39:08
                [restartedMain]
                INFO 
                o.s.b.d.a.OptionalLiveReloadServer
                -
                LiveReload server is running on port 35729
2026-07-14 16:39:08
                [restartedMain]
                INFO 
                o.s.b.w.e.tomcat.TomcatWebServer
                -
                Tomcat started on port 8080 (http) with context path '/'
2026-07-14 16:39:08
                [restartedMain]
                INFO 
                c.e.t.TicketRouterApplication
                -
                Started TicketRouterApplication in 0.605 seconds (process running for 3205.493)
2026-07-14 16:39:16
                [restartedMain]
                INFO 
                o.s.b.d.a.ConditionEvaluationDeltaLoggingListener
                -
                Condition evaluation unchanged
2026-07-14 16:43:34
                [File Watcher]
                INFO 
                o.s.b.d.a.LocalDevToolsAutoConfiguration$RestartingClassPathChangeChangedEventListener
                -
                Restarting due to 1 class path change (0 additions, 0 deletions, 1 modification)
2026-07-14 16:43:34
                [Thread-42]
                INFO 
                o.s.b.w.e.tomcat.GracefulShutdown
                -
                Commencing graceful shutdown. Waiting for active requests to complete
2026-07-14 16:43:34
                [tomcat-shutdown]
                INFO 
                o.s.b.w.e.tomcat.GracefulShutdown
                -
                Graceful shutdown complete
2026-07-14 16:43:34
                [Thread-42]
                INFO 
                o.s.o.j.LocalContainerEntityManagerFactoryBean
                -
                Closing JPA EntityManagerFactory for persistence unit 'default'
2026-07-14 16:43:34
                [Thread-42]
                WARN 
                o.s.b.f.s.DisposableBeanAdapter
                -
                Invocation of destroy method failed on bean with name 'inMemoryDatabaseShutdownExecutor': org.h2.jdbc.JdbcSQLNonTransientConnectionException: Database is already closed (to disable automatic closing at VM shutdown, add ";DB_CLOSE_ON_EXIT=FALSE" to the db URL) [90121-232]
2026-07-14 16:43:34
                [Thread-42]
                INFO 
                com.zaxxer.hikari.HikariDataSource
                -
                HikariPool-3 - Shutdown initiated...
2026-07-14 16:43:34
                [Thread-42]
                INFO 
                com.zaxxer.hikari.HikariDataSource
                -
                HikariPool-3 - Shutdown completed.
2026-07-14 16:43:34
                [restartedMain]
                INFO 
                c.e.t.TicketRouterApplication
                -
                Starting TicketRouterApplication using Java 21.0.11 with PID 91094 (/Users/mansi.nataraj/Downloads/ticket-router/target/classes started by mansi.nataraj in /Users/mansi.nataraj/Downloads/ticket-router)
2026-07-14 16:43:34
                [restartedMain]
                INFO 
                c.e.t.TicketRouterApplication
                -
                No active profile set, falling back to 1 default profile: "default"
2026-07-14 16:43:34
                [restartedMain]
                INFO 
                o.s.d.r.c.RepositoryConfigurationDelegate
                -
                Bootstrapping Spring Data JPA repositories in DEFAULT mode.
2026-07-14 16:43:34
                [restartedMain]
                INFO 
                o.s.d.r.c.RepositoryConfigurationDelegate
                -
                Finished Spring Data repository scanning in 3 ms. Found 2 JPA repository interfaces.
2026-07-14 16:43:34
                [restartedMain]
                INFO 
                o.s.b.w.e.tomcat.TomcatWebServer
                -
                Tomcat initialized with port 8080 (http)
2026-07-14 16:43:34
                [restartedMain]
                INFO 
                o.a.catalina.core.StandardService
                -
                Starting service [Tomcat]
2026-07-14 16:43:34
                [restartedMain]
                INFO 
                o.a.catalina.core.StandardEngine
                -
                Starting Servlet engine: [Apache Tomcat/10.1.50]
2026-07-14 16:43:34
                [restartedMain]
                INFO 
                o.a.c.c.C.[Tomcat].[localhost].[/]
                -
                Initializing Spring embedded WebApplicationContext
2026-07-14 16:43:34
                [restartedMain]
                INFO 
                o.s.b.w.s.c.ServletWebServerApplicationContext
                -
                Root WebApplicationContext: initialization completed in 131 ms
2026-07-14 16:43:34
                [restartedMain]
                INFO 
                o.h.jpa.internal.util.LogHelper
                -
                HHH000204: Processing PersistenceUnitInfo [name: default]
2026-07-14 16:43:34
                [restartedMain]
                INFO 
                o.h.c.i.RegionFactoryInitiator
                -
                HHH000026: Second-level cache disabled
2026-07-14 16:43:34
                [restartedMain]
                INFO 
                o.s.o.j.p.SpringPersistenceUnitInfo
                -
                No LoadTimeWeaver setup: ignoring JPA class transformer
2026-07-14 16:43:34
                [restartedMain]
                INFO 
                com.zaxxer.hikari.HikariDataSource
                -
                HikariPool-4 - Starting...
2026-07-14 16:43:34
                [restartedMain]
                INFO 
                com.zaxxer.hikari.pool.HikariPool
                -
                HikariPool-4 - Added connection conn40: url=jdbc:h2:mem:ticketdb user=SA
2026-07-14 16:43:34
                [restartedMain]
                INFO 
                com.zaxxer.hikari.HikariDataSource
                -
                HikariPool-4 - Start completed.
2026-07-14 16:43:34
                [restartedMain]
                INFO 
                o.hibernate.orm.connections.pooling
                -
                HHH10001005: Database info:
	Database JDBC URL [Connecting through datasource 'HikariDataSource (HikariPool-4)']
	Database driver: undefined/unknown
	Database version: 2.3.232
	Autocommit mode: undefined/unknown
	Isolation level: undefined/unknown
	Minimum pool size: undefined/unknown
	Maximum pool size: undefined/unknown
2026-07-14 16:43:34
                [restartedMain]
                INFO 
                o.h.e.t.j.p.i.JtaPlatformInitiator
                -
                HHH000489: No JTA platform available (set 'hibernate.transaction.jta.platform' to enable JTA platform integration)
2026-07-14 16:43:34
                [restartedMain]
                INFO 
                o.s.o.j.LocalContainerEntityManagerFactoryBean
                -
                Initialized JPA EntityManagerFactory for persistence unit 'default'
2026-07-14 16:43:34
                [restartedMain]
                WARN 
                o.s.b.a.o.j.JpaBaseConfiguration$JpaWebConfiguration
                -
                spring.jpa.open-in-view is enabled by default. Therefore, database queries may be performed during view rendering. Explicitly configure spring.jpa.open-in-view to disable this warning
2026-07-14 16:43:34
                [restartedMain]
                INFO 
                o.s.b.a.w.s.WelcomePageHandlerMapping
                -
                Adding welcome page template: index
2026-07-14 16:43:35
                [restartedMain]
                INFO 
                o.s.b.a.h.H2ConsoleAutoConfiguration
                -
                H2 console available at '/h2-console'. Database available at 'jdbc:h2:mem:ticketdb'
2026-07-14 16:43:35
                [restartedMain]
                INFO 
                o.s.b.d.a.OptionalLiveReloadServer
                -
                LiveReload server is running on port 35729
2026-07-14 16:43:35
                [restartedMain]
                INFO 
                o.s.b.w.e.tomcat.TomcatWebServer
                -
                Tomcat started on port 8080 (http) with context path '/'
2026-07-14 16:43:35
                [restartedMain]
                INFO 
                c.e.t.TicketRouterApplication
                -
                Started TicketRouterApplication in 0.524 seconds (process running for 3472.062)
2026-07-14 16:43:40
                [restartedMain]
                INFO 
                o.s.b.d.a.ConditionEvaluationDeltaLoggingListener
                -
                Condition evaluation unchanged
2026-07-14 16:43:44
                [http-nio-8080-exec-1]
                INFO 
                o.a.c.c.C.[Tomcat].[localhost].[/]
                -
                Initializing Spring DispatcherServlet 'dispatcherServlet'
2026-07-14 16:43:44
                [http-nio-8080-exec-1]
                INFO 
                o.s.web.servlet.DispatcherServlet
                -
                Initializing Servlet 'dispatcherServlet'
2026-07-14 16:43:44
                [http-nio-8080-exec-1]
                INFO 
                o.s.web.servlet.DispatcherServlet
                -
                Completed initialization in 0 ms
2026-07-14 16:43:44
                [http-nio-8080-exec-1]
                INFO 
                c.e.t.controller.LoginController
                -
                Existing session found for user=admin, role=ADMIN
2026-07-14 16:43:44
                [http-nio-8080-exec-1]
                INFO 
                c.e.t.controller.LoginController
                -
                Redirecting admin user to dashboard
2026-07-14 16:43:46
                [http-nio-8080-exec-4]
                INFO 
                c.e.t.controller.LoginController
                -
                Logout request for username=admin
2026-07-14 16:43:46
                [http-nio-8080-exec-4]
                INFO 
                c.e.t.controller.LoginController
                -
                Session invalidated successfully
2026-07-14 16:43:46
                [http-nio-8080-exec-5]
                INFO 
                c.e.t.controller.LoginController
                -
                No active session. Showing login page
2026-07-14 16:43:50
                [http-nio-8080-exec-7]
                INFO 
                c.e.t.controller.LoginController
                -
                Login attempt for username=chaithra
2026-07-14 16:43:50
                [http-nio-8080-exec-7]
                INFO 
                c.e.t.controller.LoginController
                -
                Creating new user profile for username=chaithra
2026-07-14 16:43:50
                [http-nio-8080-exec-7]
                INFO 
                c.e.t.controller.LoginController
                -
                User login successful for username=chaithra
2026-07-14 16:49:11
                [SpringApplicationShutdownHook]
                INFO 
                o.s.b.w.e.tomcat.GracefulShutdown
                -
                Commencing graceful shutdown. Waiting for active requests to complete
2026-07-14 16:49:11
                [tomcat-shutdown]
                INFO 
                o.s.b.w.e.tomcat.GracefulShutdown
                -
                Graceful shutdown complete
2026-07-14 16:49:11
                [SpringApplicationShutdownHook]
                INFO 
                o.s.o.j.LocalContainerEntityManagerFactoryBean
                -
                Closing JPA EntityManagerFactory for persistence unit 'default'
2026-07-14 16:49:11
                [SpringApplicationShutdownHook]
                WARN 
                o.s.b.f.s.DisposableBeanAdapter
                -
                Invocation of destroy method failed on bean with name 'inMemoryDatabaseShutdownExecutor': org.h2.jdbc.JdbcSQLNonTransientConnectionException: Database is already closed (to disable automatic closing at VM shutdown, add ";DB_CLOSE_ON_EXIT=FALSE" to the db URL) [90121-232]
2026-07-14 16:49:11
                [SpringApplicationShutdownHook]
                INFO 
                com.zaxxer.hikari.HikariDataSource
                -
                HikariPool-4 - Shutdown initiated...
2026-07-14 16:49:11
                [SpringApplicationShutdownHook]
                INFO 
                com.zaxxer.hikari.HikariDataSource
                -
                HikariPool-4 - Shutdown completed.
2026-07-14 16:49:19
                [background-preinit]
                INFO 
                o.h.validator.internal.util.Version
                -
                HV000001: Hibernate Validator 8.0.3.Final
2026-07-14 16:49:19
                [restartedMain]
                INFO 
                c.e.t.TicketRouterApplication
                -
                Starting TicketRouterApplication using Java 21.0.11 with PID 95112 (/Users/mansi.nataraj/Downloads/ticket-router/target/classes started by mansi.nataraj in /Users/mansi.nataraj/Downloads/ticket-router)
2026-07-14 16:49:19
                [restartedMain]
                INFO 
                c.e.t.TicketRouterApplication
                -
                No active profile set, falling back to 1 default profile: "default"
2026-07-14 16:49:19
                [restartedMain]
                INFO 
                o.s.b.d.e.DevToolsPropertyDefaultsPostProcessor
                -
                Devtools property defaults active! Set 'spring.devtools.add-properties' to 'false' to disable
2026-07-14 16:49:19
                [restartedMain]
                INFO 
                o.s.b.d.e.DevToolsPropertyDefaultsPostProcessor
                -
                For additional web related logging consider setting the 'logging.level.web' property to 'DEBUG'
2026-07-14 16:49:19
                [restartedMain]
                INFO 
                o.s.d.r.c.RepositoryConfigurationDelegate
                -
                Bootstrapping Spring Data JPA repositories in DEFAULT mode.
2026-07-14 16:49:19
                [restartedMain]
                INFO 
                o.s.d.r.c.RepositoryConfigurationDelegate
                -
                Finished Spring Data repository scanning in 44 ms. Found 2 JPA repository interfaces.
2026-07-14 16:49:19
                [restartedMain]
                INFO 
                o.s.b.w.e.tomcat.TomcatWebServer
                -
                Tomcat initialized with port 8080 (http)
2026-07-14 16:49:19
                [restartedMain]
                INFO 
                o.a.coyote.http11.Http11NioProtocol
                -
                Initializing ProtocolHandler ["http-nio-8080"]
2026-07-14 16:49:19
                [restartedMain]
                INFO 
                o.a.catalina.core.StandardService
                -
                Starting service [Tomcat]
2026-07-14 16:49:19
                [restartedMain]
                INFO 
                o.a.catalina.core.StandardEngine
                -
                Starting Servlet engine: [Apache Tomcat/10.1.50]
2026-07-14 16:49:19
                [restartedMain]
                INFO 
                o.a.c.c.C.[Tomcat].[localhost].[/]
                -
                Initializing Spring embedded WebApplicationContext
2026-07-14 16:49:19
                [restartedMain]
                INFO 
                o.s.b.w.s.c.ServletWebServerApplicationContext
                -
                Root WebApplicationContext: initialization completed in 526 ms
2026-07-14 16:49:19
                [restartedMain]
                INFO 
                o.h.jpa.internal.util.LogHelper
                -
                HHH000204: Processing PersistenceUnitInfo [name: default]
2026-07-14 16:49:19
                [restartedMain]
                INFO 
                org.hibernate.Version
                -
                HHH000412: Hibernate ORM core version 6.6.39.Final
2026-07-14 16:49:19
                [restartedMain]
                INFO 
                o.h.c.i.RegionFactoryInitiator
                -
                HHH000026: Second-level cache disabled
2026-07-14 16:49:19
                [restartedMain]
                INFO 
                o.s.o.j.p.SpringPersistenceUnitInfo
                -
                No LoadTimeWeaver setup: ignoring JPA class transformer
2026-07-14 16:49:19
                [restartedMain]
                INFO 
                com.zaxxer.hikari.HikariDataSource
                -
                HikariPool-1 - Starting...
2026-07-14 16:49:19
                [restartedMain]
                INFO 
                com.zaxxer.hikari.pool.HikariPool
                -
                HikariPool-1 - Added connection conn0: url=jdbc:h2:mem:ticketdb user=SA
2026-07-14 16:49:19
                [restartedMain]
                INFO 
                com.zaxxer.hikari.HikariDataSource
                -
                HikariPool-1 - Start completed.
2026-07-14 16:49:19
                [restartedMain]
                INFO 
                o.hibernate.orm.connections.pooling
                -
                HHH10001005: Database info:
	Database JDBC URL [Connecting through datasource 'HikariDataSource (HikariPool-1)']
	Database driver: undefined/unknown
	Database version: 2.3.232
	Autocommit mode: undefined/unknown
	Isolation level: undefined/unknown
	Minimum pool size: undefined/unknown
	Maximum pool size: undefined/unknown
2026-07-14 16:49:20
                [restartedMain]
                INFO 
                o.h.e.t.j.p.i.JtaPlatformInitiator
                -
                HHH000489: No JTA platform available (set 'hibernate.transaction.jta.platform' to enable JTA platform integration)
2026-07-14 16:49:20
                [restartedMain]
                INFO 
                o.s.o.j.LocalContainerEntityManagerFactoryBean
                -
                Initialized JPA EntityManagerFactory for persistence unit 'default'
2026-07-14 16:49:20
                [restartedMain]
                WARN 
                o.s.b.a.o.j.JpaBaseConfiguration$JpaWebConfiguration
                -
                spring.jpa.open-in-view is enabled by default. Therefore, database queries may be performed during view rendering. Explicitly configure spring.jpa.open-in-view to disable this warning
2026-07-14 16:49:20
                [restartedMain]
                INFO 
                o.s.b.a.w.s.WelcomePageHandlerMapping
                -
                Adding welcome page template: index
2026-07-14 16:49:20
                [restartedMain]
                INFO 
                o.s.b.a.h.H2ConsoleAutoConfiguration
                -
                H2 console available at '/h2-console'. Database available at 'jdbc:h2:mem:ticketdb'
2026-07-14 16:49:20
                [restartedMain]
                INFO 
                o.s.b.d.a.OptionalLiveReloadServer
                -
                LiveReload server is running on port 35729
2026-07-14 16:49:20
                [restartedMain]
                INFO 
                o.a.coyote.http11.Http11NioProtocol
                -
                Starting ProtocolHandler ["http-nio-8080"]
2026-07-14 16:49:20
                [restartedMain]
                INFO 
                o.s.b.w.e.tomcat.TomcatWebServer
                -
                Tomcat started on port 8080 (http) with context path '/'
2026-07-14 16:49:20
                [restartedMain]
                INFO 
                c.e.t.TicketRouterApplication
                -
                Started TicketRouterApplication in 1.776 seconds (process running for 1.921)
2026-07-14 16:49:33
                [http-nio-8080-exec-1]
                INFO 
                o.a.c.c.C.[Tomcat].[localhost].[/]
                -
                Initializing Spring DispatcherServlet 'dispatcherServlet'
2026-07-14 16:49:33
                [http-nio-8080-exec-1]
                INFO 
                o.s.web.servlet.DispatcherServlet
                -
                Initializing Servlet 'dispatcherServlet'
2026-07-14 16:49:33
                [http-nio-8080-exec-1]
                INFO 
                o.s.web.servlet.DispatcherServlet
                -
                Completed initialization in 0 ms
2026-07-14 16:49:33
                [http-nio-8080-exec-1]
                INFO 
                c.e.t.controller.LoginController
                -
                Logout request for username=chaithra
2026-07-14 16:49:33
                [http-nio-8080-exec-1]
                INFO 
                c.e.t.controller.LoginController
                -
                Session invalidated successfully
2026-07-14 16:49:33
                [http-nio-8080-exec-2]
                INFO 
                c.e.t.controller.LoginController
                -
                No active session. Showing login page
2026-07-14 16:49:39
                [http-nio-8080-exec-4]
                INFO 
                c.e.t.controller.LoginController
                -
                Login attempt for username=keerthan
2026-07-14 16:49:39
                [http-nio-8080-exec-4]
                INFO 
                c.e.t.controller.LoginController
                -
                Creating new user profile for username=keerthan
2026-07-14 16:49:39
                [http-nio-8080-exec-4]
                INFO 
                c.e.t.controller.LoginController
                -
                User login successful for username=keerthan
2026-07-14 16:50:41
                [http-nio-8080-exec-1]
                INFO 
                c.e.t.controller.LoginController
                -
                Logout request for username=keerthan
2026-07-14 16:50:41
                [http-nio-8080-exec-1]
                INFO 
                c.e.t.controller.LoginController
                -
                Session invalidated successfully
2026-07-14 16:50:41
                [http-nio-8080-exec-2]
                INFO 
                c.e.t.controller.LoginController
                -
                No active session. Showing login page
2026-07-14 16:50:45
                [http-nio-8080-exec-4]
                INFO 
                c.e.t.controller.LoginController
                -
                Login attempt for username=admin
2026-07-14 16:50:45
                [http-nio-8080-exec-4]
                INFO 
                c.e.t.controller.LoginController
                -
                Creating new user profile for username=admin
2026-07-14 16:50:45
                [http-nio-8080-exec-4]
                INFO 
                c.e.t.controller.LoginController
                -
                Admin login successful for username=admin
2026-07-14 16:52:01
                [File Watcher]
                INFO 
                o.s.b.d.a.LocalDevToolsAutoConfiguration$RestartingClassPathChangeChangedEventListener
                -
                Restarting due to 1 class path change (0 additions, 0 deletions, 1 modification)
2026-07-14 16:52:01
                [Thread-5]
                INFO 
                o.s.b.w.e.tomcat.GracefulShutdown
                -
                Commencing graceful shutdown. Waiting for active requests to complete
2026-07-14 16:52:01
                [tomcat-shutdown]
                INFO 
                o.a.coyote.http11.Http11NioProtocol
                -
                Pausing ProtocolHandler ["http-nio-8080"]
2026-07-14 16:52:01
                [tomcat-shutdown]
                INFO 
                o.s.b.w.e.tomcat.GracefulShutdown
                -
                Graceful shutdown complete
2026-07-14 16:52:01
                [Thread-5]
                INFO 
                o.a.coyote.http11.Http11NioProtocol
                -
                Stopping ProtocolHandler ["http-nio-8080"]
2026-07-14 16:52:01
                [Thread-5]
                INFO 
                o.s.o.j.LocalContainerEntityManagerFactoryBean
                -
                Closing JPA EntityManagerFactory for persistence unit 'default'
2026-07-14 16:52:01
                [Thread-5]
                WARN 
                o.s.b.f.s.DisposableBeanAdapter
                -
                Invocation of destroy method failed on bean with name 'inMemoryDatabaseShutdownExecutor': org.h2.jdbc.JdbcSQLNonTransientConnectionException: Database is already closed (to disable automatic closing at VM shutdown, add ";DB_CLOSE_ON_EXIT=FALSE" to the db URL) [90121-232]
2026-07-14 16:52:01
                [Thread-5]
                INFO 
                com.zaxxer.hikari.HikariDataSource
                -
                HikariPool-1 - Shutdown initiated...
2026-07-14 16:52:01
                [Thread-5]
                INFO 
                com.zaxxer.hikari.HikariDataSource
                -
                HikariPool-1 - Shutdown completed.
2026-07-14 16:55:08
                INFO 
                c.e.t.TicketRouterApplication
                -
                Starting TicketRouterApplication using Java 21.0.11 with PID 95112 (/Users/mansi.nataraj/Downloads/ticket-router/target/classes started by mansi.nataraj in /Users/mansi.nataraj/Downloads/ticket-router)
2026-07-14 16:55:08
                INFO 
                c.e.t.TicketRouterApplication
                -
                No active profile set, falling back to 1 default profile: "default"
2026-07-14 16:55:08
                INFO 
                o.s.d.r.c.RepositoryConfigurationDelegate
                -
                Bootstrapping Spring Data JPA repositories in DEFAULT mode.
2026-07-14 16:55:08
                INFO 
                o.s.d.r.c.RepositoryConfigurationDelegate
                -
                Finished Spring Data repository scanning in 3 ms. Found 2 JPA repository interfaces.
2026-07-14 16:55:08
                INFO 
                o.s.b.w.e.tomcat.TomcatWebServer
                -
                Tomcat initialized with port 8080 (http)
2026-07-14 16:55:08
                INFO 
                o.a.coyote.http11.Http11NioProtocol
                -
                Initializing ProtocolHandler ["http-nio-8080"]
2026-07-14 16:55:08
                INFO 
                o.a.catalina.core.StandardService
                -
                Starting service [Tomcat]
2026-07-14 16:55:08
                INFO 
                o.a.catalina.core.StandardEngine
                -
                Starting Servlet engine: [Apache Tomcat/10.1.50]
2026-07-14 16:55:08
                INFO 
                o.a.c.c.C.[Tomcat].[localhost].[/]
                -
                Initializing Spring embedded WebApplicationContext
2026-07-14 16:55:08
                INFO 
                o.s.b.w.s.c.ServletWebServerApplicationContext
                -
                Root WebApplicationContext: initialization completed in 128 ms
2026-07-14 16:55:08
                INFO 
                o.h.jpa.internal.util.LogHelper
                -
                HHH000204: Processing PersistenceUnitInfo [name: default]
2026-07-14 16:55:08
                INFO 
                o.h.c.i.RegionFactoryInitiator
                -
                HHH000026: Second-level cache disabled
2026-07-14 16:55:08
                INFO 
                o.s.o.j.p.SpringPersistenceUnitInfo
                -
                No LoadTimeWeaver setup: ignoring JPA class transformer
2026-07-14 16:55:08
                INFO 
                com.zaxxer.hikari.HikariDataSource
                -
                HikariPool-3 - Starting...
2026-07-14 16:55:08
                INFO 
                com.zaxxer.hikari.pool.HikariPool
                -
                HikariPool-3 - Added connection conn20: url=jdbc:h2:mem:ticketdb user=SA
2026-07-14 16:55:08
                INFO 
                com.zaxxer.hikari.HikariDataSource
                -
                HikariPool-3 - Start completed.
2026-07-14 16:55:08
                INFO 
                o.hibernate.orm.connections.pooling
                -
                HHH10001005: Database info:
	Database JDBC URL [Connecting through datasource 'HikariDataSource (HikariPool-3)']
	Database driver: undefined/unknown
	Database version: 2.3.232
	Autocommit mode: undefined/unknown
	Isolation level: undefined/unknown
	Minimum pool size: undefined/unknown
	Maximum pool size: undefined/unknown
2026-07-14 16:55:08
                INFO 
                o.h.e.t.j.p.i.JtaPlatformInitiator
                -
                HHH000489: No JTA platform available (set 'hibernate.transaction.jta.platform' to enable JTA platform integration)
2026-07-14 16:55:08
                INFO 
                o.s.o.j.LocalContainerEntityManagerFactoryBean
                -
                Initialized JPA EntityManagerFactory for persistence unit 'default'
2026-07-14 16:55:09
                WARN 
                o.s.b.a.o.j.JpaBaseConfiguration$JpaWebConfiguration
                -
                spring.jpa.open-in-view is enabled by default. Therefore, database queries may be performed during view rendering. Explicitly configure spring.jpa.open-in-view to disable this warning
2026-07-14 16:55:09
                INFO 
                o.s.b.a.w.s.WelcomePageHandlerMapping
                -
                Adding welcome page template: index
2026-07-14 16:55:09
                INFO 
                o.s.b.a.h.H2ConsoleAutoConfiguration
                -
                H2 console available at '/h2-console'. Database available at 'jdbc:h2:mem:ticketdb'
2026-07-14 16:55:09
                INFO 
                o.s.b.d.a.OptionalLiveReloadServer
                -
                LiveReload server is running on port 35729
2026-07-14 16:55:09
                INFO 
                o.a.coyote.http11.Http11NioProtocol
                -
                Starting ProtocolHandler ["http-nio-8080"]
2026-07-14 16:55:09
                INFO 
                o.s.b.w.e.tomcat.TomcatWebServer
                -
                Tomcat started on port 8080 (http) with context path '/'
2026-07-14 16:55:09
                INFO 
                c.e.t.TicketRouterApplication
                -
                Started TicketRouterApplication in 0.558 seconds (process running for 350.517)
2026-07-14 16:55:14
                INFO 
                o.s.b.d.a.ConditionEvaluationDeltaLoggingListener
                -
                Condition evaluation unchanged
2026-07-14 16:55:54
                INFO 
                o.a.c.c.C.[Tomcat].[localhost].[/]
                -
                Initializing Spring DispatcherServlet 'dispatcherServlet'
2026-07-14 16:55:54
                INFO 
                o.s.web.servlet.DispatcherServlet
                -
                Initializing Servlet 'dispatcherServlet'
2026-07-14 16:55:54
                INFO 
                o.s.web.servlet.DispatcherServlet
                -
                Completed initialization in 1 ms
2026-07-14 16:55:54
                INFO 
                c.e.t.controller.LoginController
                -
                Existing session found for user=keerthan, role=USER
2026-07-14 16:55:54
                INFO 
                c.e.t.controller.LoginController
                -
                Redirecting user keerthan to dashboard
2026-07-14 16:56:05
                INFO 
                c.e.t.controller.LoginController
                -
                Existing session found for user=keerthan, role=USER
2026-07-14 16:56:05
                INFO 
                c.e.t.controller.LoginController
                -
                Redirecting user keerthan to dashboard
2026-07-14 16:56:07
                INFO 
                c.e.t.controller.LoginController
                -
                Logout request for username=keerthan
2026-07-14 16:56:07
                INFO 
                c.e.t.controller.LoginController
                -
                Session invalidated successfully
2026-07-14 16:56:07
                INFO 
                c.e.t.controller.LoginController
                -
                No active session. Showing login page
2026-07-14 16:56:10
                INFO 
                c.e.t.controller.LoginController
                -
                Login attempt for username=chaithra
2026-07-14 16:56:10
                INFO 
                c.e.t.controller.LoginController
                -
                Creating new user profile for username=chaithra
2026-07-14 16:56:10
                INFO 
                c.e.t.controller.LoginController
                -
                User login successful for username=chaithra
2026-07-14 16:57:32
                INFO 
                o.s.b.w.e.tomcat.GracefulShutdown
                -
                Commencing graceful shutdown. Waiting for active requests to complete
2026-07-14 16:58:02
                INFO 
                o.s.c.s.DefaultLifecycleProcessor
                -
                Shutdown phase 2147482623 ends with 1 bean still running after timeout of 30000ms: [webServerGracefulShutdown]
2026-07-14 16:58:02
                INFO 
                o.s.o.j.LocalContainerEntityManagerFactoryBean
                -
                Closing JPA EntityManagerFactory for persistence unit 'default'
2026-07-14 16:58:02
                WARN 
                o.s.b.f.s.DisposableBeanAdapter
                -
                Invocation of destroy method failed on bean with name 'inMemoryDatabaseShutdownExecutor': org.h2.jdbc.JdbcSQLNonTransientConnectionException: Database is already closed (to disable automatic closing at VM shutdown, add ";DB_CLOSE_ON_EXIT=FALSE" to the db URL) [90121-232]
2026-07-14 16:58:02
                INFO 
                com.zaxxer.hikari.HikariDataSource
                -
                HikariPool-3 - Shutdown initiated...
2026-07-14 16:58:02
                INFO 
                com.zaxxer.hikari.HikariDataSource
                -
                HikariPool-3 - Shutdown completed.
2026-07-14 16:58:02
                INFO 
                o.s.b.w.e.tomcat.GracefulShutdown
                -
                Graceful shutdown aborted with one or more requests still active
